<?xml version="1.0" encoding="UTF-8"?>
<!-- Generated by org.testng.reporters.JUnitReportReporter -->
<testsuite hostname="DESKTOP-7LECAI0" failures="0" tests="1" name="com.automation.testcases.LoginTest_001" time="19.509" errors="0" timestamp="2022-10-04T08:16:08 IST" skipped="0">
  <testcase classname="com.automation.testcases.LoginTest_001" name="login" time="19.509"/>
  <system-out/>
</testsuite> <!-- com.automation.testcases.LoginTest_001 -->
